--------------------------------------------------------------------------------
Date: 01-Jul-2022_13-57-12
--------------------------------------------------------------------------------
Loading project: "bg6template"
Model Error: C:\Users\grzegore\GitProjects\next-demo\demoWorkspace\templates\foundation_template.xml Line:27011 Column:12 The text "Fnd0CompleteReworkRevDecisionSetLOV" cannot exceed "32" characters. ( Template Name : "foundation" )
--------------------------------------------------------------------------------
--------------------------------------------------------------------------------
Date: 01-Jul-2022_14-33-37
--------------------------------------------------------------------------------
Loading project: "bg6template"
Model Error: C:\Users\grzegore\GitProjects\next-demo\demoWorkspace\bg6template\extensions\default.xml Line:4 Column:78 Undefined constant name "Fnd0SelectedLocales". ( Template Name : "bg6template" )
--------------------------------------------------------------------------------
--------------------------------------------------------------------------------
Date: 01-Jul-2022_16-25-28
--------------------------------------------------------------------------------
Loading project: "bg6template"
Model Error: C:\Users\grzegore\GitProjects\next-demo\demoWorkspace\templates\foundation_template.xml Line:27011 Column:12 The text "Fnd0CompleteReworkRevDecisionSetLOV" cannot exceed "32" characters. ( Template Name : "foundation" )
--------------------------------------------------------------------------------
--------------------------------------------------------------------------------
Date: 06-Jul-2022_09-55-30
--------------------------------------------------------------------------------
Loading project: "bg6template"
Model Error: C:\Users\grzegore\GitProjects\next-demo\demoWorkspace\templates\foundation_template.xml Line:27011 Column:12 The text "Fnd0CompleteReworkRevDecisionSetLOV" cannot exceed "32" characters. ( Template Name : "foundation" )
TC_ROOT or TC_MSG_ROOT environment variable is required to locate the "textsrv_text.xml" file used for encoding validation in the BMIDE projects. Restart the BMIDE with the environment variable set to work with the BMIDE projects.
TC_ROOT or TC_MSG_ROOT environment variable is required to locate the "textsrv_text.xml" file used for encoding validation in the BMIDE projects. Restart the BMIDE with the environment variable set to work with the BMIDE projects.
--------------------------------------------------------------------------------
--------------------------------------------------------------------------------
Date: 06-Jul-2022_12-25-36
--------------------------------------------------------------------------------
Loading project: "bg6template"
Model Error: C:\Users\grzegore\GitProjects\next-demo\demoWorkspace\templates\foundation_template.xml Line:27011 Column:12 The text "Fnd0CompleteReworkRevDecisionSetLOV" cannot exceed "32" characters. ( Template Name : "foundation" )
--------------------------------------------------------------------------------
--------------------------------------------------------------------------------
Date: 07-Jul-2022_14-12-49
--------------------------------------------------------------------------------
Loading project: "bg6template"
Model Error: C:\Users\grzegore\GitProjects\next-demo\demoWorkspace\templates\foundation_template.xml Line:27011 Column:12 The text "Fnd0CompleteReworkRevDecisionSetLOV" cannot exceed "32" characters. ( Template Name : "foundation" )
--------------------------------------------------------------------------------
