----------------------------------------------------------------------------
BMIDE Client Cache generation begins
Start Time: Wed Jul 13 2022 10:41:16 AM Mountain Daylight Time
----------------------------------------------------------------------------

Number Of Processors:4
Operating System:windows server 2016
OS Version:10.0

Verifying Teamcenter environment setup...
Verifying the inputs...
Starting to build model from consolidated file...
Time to load the model: [ 17.421 second(s) ] 
Time to retrieve LOV identifiers: [ 0.269 second(s) ] 

Starting to generate Client Cache files...
Client Cache files will be generated at: C:\Apps\Siemens\TD\clientcache
Number Of Threads:4
Mode:update
Delta File Path:C:\Apps\Siemens\TD\model\delta.xml
Localization Delta File Path:C:\Apps\Siemens\TD\model\lang\delta_lang.xml

Generating Client Cache for Types
Types Added:0
Types Changed:0
Types Deleted:0

Generating Client Cache for LOVs
LOVs Added:0
LOVs Changed:0
LOVs Deleted:0

Generating Client Cache for Type Localizations
TypeL10N Added:0
TypeL10N Changed:0
TypeL10N Deleted:0
Number Of Locales:0

Generating Client Cache for LOV Localizations
LOVL10N Added:0
LOVL10N Changed:0
LOVL10N Deleted:0
Number Of Locales:0

Total number of files generated by the cache:0
(Subtotal of all file generation tasks:  [ 0.062 second(s) ] )

Generating Zip files
Folders zipped:14
Total time to update zips: [ 0.000 second(s) ] 
Uploading the Client Cache files into database...
Total time to process Admin Cache and Upload Time: [ 10.969 second(s) ] 

Total Cache Generation Time: [ 28.750 second(s) ] 
----------------------------------------------------------------------------
End Time: Wed Jul 13 2022 10:41:44 AM Mountain Daylight Time
----------------------------------------------------------------------------

Client Cache Generator log file is created at: "C:\Users\pack\AppData\Local\Temppack2TierTV\BMIDE\2022_07_13_10-41-15\process\client_meta_cache.log" 

