====================================================================================================================================
Command output for the business_model_updater
====================================================================================================================================
 Log File Name   : C:\Users\pack\AppData\Local\Temppack2TierTV\BMIDE\2022_07_13_10-40-25\process\business_model_updater_lang.log
 Model File Name : C:\Apps\Siemens\TD\model\lang\delta_lang.xml
 Update Option   : localization
 Run Mode        : upgrade
 Process Option  : all
====================================================================================================================================


====================================================================================================================================
Processed Schema Changes:
====================================================================================================================================
Action | Element Type   | Element Name                   | Error # | Error                                           | Template Name
-------|----------------|--------------------------------|---------|-------------------------------------------------|--------------




====================================================================================================================================
Unprocessed Schema Changes:
====================================================================================================================================
Action | Element Type   | Element Name                   | Error # | Error                                           | Template Name
-------|----------------|--------------------------------|---------|-------------------------------------------------|--------------




====================================================================================================================================
Processed Non-Schema Changes:
====================================================================================================================================
Action | Element Type   | Element Name                   | Error # | Error                                           | Template Name
-------|----------------|--------------------------------|---------|-------------------------------------------------|--------------




====================================================================================================================================
Unprocessed Non-Schema Changes:
====================================================================================================================================
Action | Element Type   | Element Name                   | Error # | Error                                           | Template Name
-------|----------------|--------------------------------|---------|-------------------------------------------------|--------------




-------|----------------|--------------------------------|---------|-------------------------------------------------|--------------

*****  Please refer to the Multi-Fields Keys (MFK) updater log at the following location for status of processed MFK type constant attach element(s): C:\Users\pack\AppData\Local\Temp\mfk_updater_2022_07_13_10-41-13.log.
Memory=49084241, SQL=359, Time 0.016000s cpu, 0.004000s real at-Statistics
