--------------------------------------------------------------------------------
Date: 13-Jul-2022_16-42-15
--------------------------------------------------------------------------------
Loading project: "bg4template"
File Loading Error: Cannot find file "foundation_template.xml" in "C:\Apps\Siemens\TR\bmide\templates" referenced by "C:\apps\tcroot\bmide\workspace\13000.0.0\bg4template\extensions\dependency.xml".
Model Error: C:\apps\tcroot\bmide\workspace\13000.0.0\bg4template\extensions\default.xml Line:5 Column:47 The Class "BG4_TestItem" cannot be loaded because the parent Class "Item" does not exist. Either the Class "Item" is not defined in the model or the Class "Item" failed to load. ( Template Name : "bg4template" )
Model Error: C:\apps\tcroot\bmide\workspace\13000.0.0\bg4template\extensions\default.xml Line:28 Column:73 The Class "BG4_TestItemMasterS" cannot be loaded because the parent Class "ItemMaster" does not exist. Either the Class "ItemMaster" is not defined in the model or the Class "ItemMaster" failed to load. ( Template Name : "bg4template" )
Model Error: C:\apps\tcroot\bmide\workspace\13000.0.0\bg4template\extensions\default.xml Line:30 Column:94 The Class "BG4_TestItemRevMasterS" cannot be loaded because the parent Class "ItemVersionMaster" does not exist. Either the Class "ItemVersionMaster" is not defined in the model or the Class "ItemVersionMaster" failed to load. ( Template Name : "bg4template" )
Model Error: C:\apps\tcroot\bmide\workspace\13000.0.0\bg4template\extensions\default.xml Line:32 Column:72 The Class "BG4_TestItemRevision" cannot be loaded because the parent Class "ItemRevision" does not exist. Either the Class "ItemRevision" is not defined in the model or the Class "ItemRevision" failed to load. ( Template Name : "bg4template" )
Model Error: C:\apps\tcroot\bmide\workspace\13000.0.0\bg4template\extensions\default.xml Line:10 Column:30 The Attribute (Class = "BG4_TestItem", Attribute = "bg4_Attr1") cannot be loaded because the Class "BG4_TestItem" does not exist. Either the Class "BG4_TestItem" is not defined in the model or the Class "BG4_TestItem" failed to load. ( Template Name : "bg4template" )
Model Error: C:\apps\tcroot\bmide\workspace\13000.0.0\bg4template\extensions\default.xml Line:15 Column:30 The Attribute (Class = "BG4_TestItem", Attribute = "bg4_attr2") cannot be loaded because the Class "BG4_TestItem" does not exist. Either the Class "BG4_TestItem" is not defined in the model or the Class "BG4_TestItem" failed to load. ( Template Name : "bg4template" )
Model Error: C:\apps\tcroot\bmide\workspace\13000.0.0\bg4template\extensions\default.xml Line:20 Column:30 The Attribute (Class = "BG4_TestItem", Attribute = "bg4_attr3") cannot be loaded because the Class "BG4_TestItem" does not exist. Either the Class "BG4_TestItem" is not defined in the model or the Class "BG4_TestItem" failed to load. ( Template Name : "bg4template" )
Model Error: C:\apps\tcroot\bmide\workspace\13000.0.0\bg4template\extensions\default.xml Line:25 Column:30 The Attribute (Class = "BG4_TestItem", Attribute = "bg4_Name") cannot be loaded because the Class "BG4_TestItem" does not exist. Either the Class "BG4_TestItem" is not defined in the model or the Class "BG4_TestItem" failed to load. ( Template Name : "bg4template" )
Model Error: C:\apps\tcroot\bmide\workspace\13000.0.0\bg4template\extensions\default.xml Line:37 Column:30 The Attribute (Class = "BG4_TestItemRevision", Attribute = "bg4_rev_attr1") cannot be loaded because the Class "BG4_TestItemRevision" does not exist. Either the Class "BG4_TestItemRevision" is not defined in the model or the Class "BG4_TestItemRevision" failed to load. ( Template Name : "bg4template" )
Model Error: C:\apps\tcroot\bmide\workspace\13000.0.0\bg4template\extensions\default.xml Line:42 Column:30 The Attribute (Class = "BG4_TestItemRevision", Attribute = "bg4_rev_attr2") cannot be loaded because the Class "BG4_TestItemRevision" does not exist. Either the Class "BG4_TestItemRevision" is not defined in the model or the Class "BG4_TestItemRevision" failed to load. ( Template Name : "bg4template" )
Model Error: C:\apps\tcroot\bmide\workspace\13000.0.0\bg4template\extensions\default.xml Line:47 Column:30 The Attribute (Class = "BG4_TestItemRevision", Attribute = "bg4_rev_attr3") cannot be loaded because the Class "BG4_TestItemRevision" does not exist. Either the Class "BG4_TestItemRevision" is not defined in the model or the Class "BG4_TestItemRevision" failed to load. ( Template Name : "bg4template" )
Model Error: C:\apps\tcroot\bmide\workspace\13000.0.0\bg4template\extensions\default.xml Line:52 Column:30 The Attribute (Class = "BG4_TestItemRevision", Attribute = "bg4_name") cannot be loaded because the Class "BG4_TestItemRevision" does not exist. Either the Class "BG4_TestItemRevision" is not defined in the model or the Class "BG4_TestItemRevision" failed to load. ( Template Name : "bg4template" )
Model Error: C:\apps\tcroot\bmide\workspace\13000.0.0\bg4template\extensions\default.xml Line:111 Column:100 Undefined Business Object "Item" (parentTypeName) in TcStandardType element. ( Template Name : "bg4template" )
Model Error: C:\apps\tcroot\bmide\workspace\13000.0.0\bg4template\extensions\default.xml Line:114 Column:92 Undefined Business Object "ItemMaster" (parentTypeName) in TcStandardType element. ( Template Name : "bg4template" )
Model Error: C:\apps\tcroot\bmide\workspace\13000.0.0\bg4template\extensions\default.xml Line:117 Column:95 Undefined Business Object "ItemVersionMaster" (parentTypeName) in TcStandardType element. ( Template Name : "bg4template" )
Model Error: C:\apps\tcroot\bmide\workspace\13000.0.0\bg4template\extensions\default.xml Line:120 Column:93 Undefined Business Object "ItemRevision" (parentTypeName) in TcStandardType element. ( Template Name : "bg4template" )
Model Error: C:\apps\tcroot\bmide\workspace\13000.0.0\bg4template\extensions\default.xml Line:105 Column:52 Undefined Business Object "Item Master" (parentTypeName) in TcForm element. ( Template Name : "bg4template" )
Model Error: C:\apps\tcroot\bmide\workspace\13000.0.0\bg4template\extensions\default.xml Line:109 Column:55 Undefined Business Object "ItemRevision Master" (parentTypeName) in TcForm element. ( Template Name : "bg4template" )
Model Error: C:\apps\tcroot\bmide\workspace\13000.0.0\bg4template\extensions\default.xml Line:125 Column:25 Undefined scope type name "Item" in TcPropertyConstant element. ( Template Name : "bg4template" )
Model Error: C:\apps\tcroot\bmide\workspace\13000.0.0\bg4template\extensions\default.xml Line:126 Column:78 Undefined constant name "Fnd0SelectedLocales". ( Template Name : "bg4template" )
Model Error: C:\apps\tcroot\bmide\workspace\13000.0.0\bg4template\extensions\default.xml Line:127 Column:103 Undefined constant name "CreateInput". ( Template Name : "bg4template" )
Model Error: C:\apps\tcroot\bmide\workspace\13000.0.0\bg4template\extensions\default.xml Line:129 Column:40 Undefined constant name "CreateInput". ( Template Name : "bg4template" )
Model Error: C:\apps\tcroot\bmide\workspace\13000.0.0\bg4template\extensions\default.xml Line:131 Column:41 Undefined constant name "CreateInput". ( Template Name : "bg4template" )
Model Error: C:\apps\tcroot\bmide\workspace\13000.0.0\bg4template\extensions\default.xml Line:133 Column:42 Undefined constant name "CreateInput". ( Template Name : "bg4template" )
Model Error: C:\apps\tcroot\bmide\workspace\13000.0.0\bg4template\extensions\default.xml Line:135 Column:48 Undefined constant name "CreateInput". ( Template Name : "bg4template" )
Model Error: C:\apps\tcroot\bmide\workspace\13000.0.0\bg4template\extensions\default.xml Line:137 Column:44 Undefined constant name "CreateInput". ( Template Name : "bg4template" )
Model Error: C:\apps\tcroot\bmide\workspace\13000.0.0\bg4template\extensions\default.xml Line:138 Column:108 Undefined constant name "ItemRevision". ( Template Name : "bg4template" )
Model Error: C:\apps\tcroot\bmide\workspace\13000.0.0\bg4template\extensions\default.xml Line:139 Column:104 Undefined constant name "MasterForm". ( Template Name : "bg4template" )
Model Error: C:\apps\tcroot\bmide\workspace\13000.0.0\bg4template\extensions\default.xml Line:141 Column:44 Undefined constant name "MasterForm". ( Template Name : "bg4template" )
Model Error: C:\apps\tcroot\bmide\workspace\13000.0.0\bg4template\extensions\default.xml Line:143 Column:42 Undefined constant name "ReviseInput". ( Template Name : "bg4template" )
Model Error: C:\apps\tcroot\bmide\workspace\13000.0.0\bg4template\extensions\default.xml Line:144 Column:103 Undefined constant name "SaveAsInput". ( Template Name : "bg4template" )
Model Error: C:\apps\tcroot\bmide\workspace\13000.0.0\bg4template\extensions\default.xml Line:146 Column:40 Undefined constant name "SaveAsInput". ( Template Name : "bg4template" )
Model Error: C:\apps\tcroot\bmide\workspace\13000.0.0\bg4template\extensions\default.xml Line:148 Column:41 Undefined constant name "SaveAsInput". ( Template Name : "bg4template" )
Model Error: C:\apps\tcroot\bmide\workspace\13000.0.0\bg4template\extensions\default.xml Line:150 Column:42 Undefined constant name "SaveAsInput". ( Template Name : "bg4template" )
Model Error: C:\apps\tcroot\bmide\workspace\13000.0.0\bg4template\extensions\default.xml Line:152 Column:48 Undefined constant name "SaveAsInput". ( Template Name : "bg4template" )
Model Error: C:\apps\tcroot\bmide\workspace\13000.0.0\bg4template\extensions\default.xml Line:154 Column:44 Undefined constant name "SaveAsInput". ( Template Name : "bg4template" )
Model Error: C:\apps\tcroot\bmide\workspace\13000.0.0\bg4template\extensions\default.xml Line:56 Column:60 The OperationInputType "BG4_TestItemCreI" cannot be loaded because the parent Type "ItemCreI" does not exist. ( Template Name : "bg4template" )
Model Error: C:\apps\tcroot\bmide\workspace\13000.0.0\bg4template\extensions\default.xml Line:59 Column:66 The OperationInputType "BG4_TestItemMasterCreI" cannot be loaded because the parent Type "Item MasterCreI" does not exist. ( Template Name : "bg4template" )
Model Error: C:\apps\tcroot\bmide\workspace\13000.0.0\bg4template\extensions\default.xml Line:62 Column:67 The OperationInputType "BG4_TestItemMasterSCreI" cannot be loaded because the parent Type "ItemMasterCreI" does not exist. ( Template Name : "bg4template" )
Model Error: C:\apps\tcroot\bmide\workspace\13000.0.0\bg4template\extensions\default.xml Line:65 Column:67 The OperationInputType "BG4_TestItemMasterSSvAI" cannot be loaded because the parent Type "ItemMasterSvAI" does not exist. ( Template Name : "bg4template" )
Model Error: C:\apps\tcroot\bmide\workspace\13000.0.0\bg4template\extensions\default.xml Line:68 Column:66 The OperationInputType "BG4_TestItemMasterSvAI" cannot be loaded because the parent Type "Item MasterSvAI" does not exist. ( Template Name : "bg4template" )
Model Error: C:\apps\tcroot\bmide\workspace\13000.0.0\bg4template\extensions\default.xml Line:71 Column:70 The OperationInputType "BG4_TestItemRevMasterSCreI" cannot be loaded because the parent Type "ItemVersionMasterCreI" does not exist. ( Template Name : "bg4template" )
Model Error: C:\apps\tcroot\bmide\workspace\13000.0.0\bg4template\extensions\default.xml Line:74 Column:70 The OperationInputType "BG4_TestItemRevMasterSSvAI" cannot be loaded because the parent Type "ItemVersionMasterSvAI" does not exist. ( Template Name : "bg4template" )
Model Error: C:\apps\tcroot\bmide\workspace\13000.0.0\bg4template\extensions\default.xml Line:86 Column:25 The OperationInputType "BG4_TestItemRevisionCreI" cannot be loaded because the parent Type "ItemRevisionCreI" does not exist. ( Template Name : "bg4template" )
Model Error: C:\apps\tcroot\bmide\workspace\13000.0.0\bg4template\extensions\default.xml Line:89 Column:74 The OperationInputType "BG4_TestItemRevisionMasterCreI" cannot be loaded because the parent Type "ItemRevision MasterCreI" does not exist. ( Template Name : "bg4template" )
Model Error: C:\apps\tcroot\bmide\workspace\13000.0.0\bg4template\extensions\default.xml Line:92 Column:74 The OperationInputType "BG4_TestItemRevisionMasterSvAI" cannot be loaded because the parent Type "ItemRevision MasterSvAI" does not exist. ( Template Name : "bg4template" )
Model Error: C:\apps\tcroot\bmide\workspace\13000.0.0\bg4template\extensions\default.xml Line:95 Column:68 The OperationInputType "BG4_TestItemRevisionRevI" cannot be loaded because the parent Type "ItemRevisionRevI" does not exist. ( Template Name : "bg4template" )
Model Error: C:\apps\tcroot\bmide\workspace\13000.0.0\bg4template\extensions\default.xml Line:98 Column:68 The OperationInputType "BG4_TestItemRevisionSvAI" cannot be loaded because the parent Type "ItemRevisionSvAI" does not exist. ( Template Name : "bg4template" )
Model Error: C:\apps\tcroot\bmide\workspace\13000.0.0\bg4template\extensions\default.xml Line:101 Column:60 The OperationInputType "BG4_TestItemSvAI" cannot be loaded because the parent Type "ItemSvAI" does not exist. ( Template Name : "bg4template" )
Model Error: C:\apps\tcroot\bmide\workspace\13000.0.0\bg4template\extensions\default.xml Line:156 Column:198 Undefined constant name "ComplexProperty". ( Template Name : "bg4template" )
Model Error: C:\apps\tcroot\bmide\workspace\13000.0.0\bg4template\extensions\default.xml Line:158 Column:22 Undefined constant name "Enabled". ( Template Name : "bg4template" )
Model Error: C:\apps\tcroot\bmide\workspace\13000.0.0\bg4template\extensions\default.xml Line:160 Column:22 Undefined constant name "Enabled". ( Template Name : "bg4template" )
Model Error: C:\apps\tcroot\bmide\workspace\13000.0.0\bg4template\extensions\default.xml Line:162 Column:22 Undefined constant name "Enabled". ( Template Name : "bg4template" )
Model Error: C:\apps\tcroot\bmide\workspace\13000.0.0\bg4template\extensions\default.xml Line:164 Column:22 Undefined constant name "Enabled". ( Template Name : "bg4template" )
Model Error: C:\apps\tcroot\bmide\workspace\13000.0.0\bg4template\extensions\default.xml Line:166 Column:46 Undefined constant name "Enabled". ( Template Name : "bg4template" )
Model Error: C:\apps\tcroot\bmide\workspace\13000.0.0\bg4template\extensions\default.xml Line:168 Column:51 Undefined constant name "Enabled". ( Template Name : "bg4template" )
Model Error: C:\apps\tcroot\bmide\workspace\13000.0.0\bg4template\extensions\default.xml Line:170 Column:51 Undefined constant name "Enabled". ( Template Name : "bg4template" )
Model Error: C:\apps\tcroot\bmide\workspace\13000.0.0\bg4template\extensions\default.xml Line:172 Column:51 Undefined constant name "Enabled". ( Template Name : "bg4template" )
Model Error: C:\apps\tcroot\bmide\workspace\13000.0.0\bg4template\extensions\default.xml Line:174 Column:23 Undefined constant name "Modifiable". ( Template Name : "bg4template" )
Model Error: C:\apps\tcroot\bmide\workspace\13000.0.0\bg4template\extensions\default.xml Line:176 Column:23 Undefined constant name "Modifiable". ( Template Name : "bg4template" )
Model Error: C:\apps\tcroot\bmide\workspace\13000.0.0\bg4template\extensions\default.xml Line:178 Column:23 Undefined constant name "Modifiable". ( Template Name : "bg4template" )
Model Error: C:\apps\tcroot\bmide\workspace\13000.0.0\bg4template\extensions\default.xml Line:180 Column:23 Undefined constant name "Modifiable". ( Template Name : "bg4template" )
Model Error: C:\apps\tcroot\bmide\workspace\13000.0.0\bg4template\extensions\default.xml Line:182 Column:47 Undefined constant name "Modifiable". ( Template Name : "bg4template" )
Model Error: C:\apps\tcroot\bmide\workspace\13000.0.0\bg4template\extensions\default.xml Line:184 Column:52 Undefined constant name "Modifiable". ( Template Name : "bg4template" )
Model Error: C:\apps\tcroot\bmide\workspace\13000.0.0\bg4template\extensions\default.xml Line:186 Column:52 Undefined constant name "Modifiable". ( Template Name : "bg4template" )
Model Error: C:\apps\tcroot\bmide\workspace\13000.0.0\bg4template\extensions\default.xml Line:188 Column:52 Undefined constant name "Modifiable". ( Template Name : "bg4template" )
Model Error: C:\apps\tcroot\bmide\workspace\13000.0.0\bg4template\extensions\lang\en_US\default_en_US.xml Line:11 Column:105 Undefined Business Object "BG4_TestItemRevision" (TcStandardType) in Property{::}BG4_TestItemRevision{::}bg4_name element. ( Template Name : "bg4template" )
Model Error: C:\apps\tcroot\bmide\workspace\13000.0.0\bg4template\extensions\lang\en_US\default_en_US.xml Line:12 Column:112 Undefined Business Object "BG4_TestItemRevision" (TcStandardType) in Property{::}BG4_TestItemRevision{::}bg4_rev_attr1 element. ( Template Name : "bg4template" )
Model Error: C:\apps\tcroot\bmide\workspace\13000.0.0\bg4template\extensions\lang\en_US\default_en_US.xml Line:13 Column:112 Undefined Business Object "BG4_TestItemRevision" (TcStandardType) in Property{::}BG4_TestItemRevision{::}bg4_rev_attr2 element. ( Template Name : "bg4template" )
Model Error: C:\apps\tcroot\bmide\workspace\13000.0.0\bg4template\extensions\lang\en_US\default_en_US.xml Line:14 Column:112 Undefined Business Object "BG4_TestItemRevision" (TcStandardType) in Property{::}BG4_TestItemRevision{::}bg4_rev_attr3 element. ( Template Name : "bg4template" )
Model Error: C:\apps\tcroot\bmide\workspace\13000.0.0\bg4template\extensions\lang\en_US\default_en_US.xml Line:15 Column:96 Undefined Business Object "BG4_TestItem" (TcStandardType) in Property{::}BG4_TestItem{::}bg4_Attr1 element. ( Template Name : "bg4template" )
Model Error: C:\apps\tcroot\bmide\workspace\13000.0.0\bg4template\extensions\lang\en_US\default_en_US.xml Line:16 Column:96 Undefined Business Object "BG4_TestItem" (TcStandardType) in Property{::}BG4_TestItem{::}bg4_Name element. ( Template Name : "bg4template" )
Model Error: C:\apps\tcroot\bmide\workspace\13000.0.0\bg4template\extensions\lang\en_US\default_en_US.xml Line:17 Column:96 Undefined Business Object "BG4_TestItem" (TcStandardType) in Property{::}BG4_TestItem{::}bg4_attr2 element. ( Template Name : "bg4template" )
Model Error: C:\apps\tcroot\bmide\workspace\13000.0.0\bg4template\extensions\lang\en_US\default_en_US.xml Line:18 Column:96 Undefined Business Object "BG4_TestItem" (TcStandardType) in Property{::}BG4_TestItem{::}bg4_attr3 element. ( Template Name : "bg4template" )
Model Error: C:\apps\tcroot\bmide\workspace\13000.0.0\bg4template\extensions\lang\en_US\default_en_US.xml Line:5 Column:115 Undefined Business Object "BG4_TestItemMasterS" (TcStandardType) in BusinessObject{::}BG4_TestItemMasterS element. ( Template Name : "bg4template" )
Model Error: C:\apps\tcroot\bmide\workspace\13000.0.0\bg4template\extensions\lang\en_US\default_en_US.xml Line:6 Column:106 Undefined Business Object "BG4_TestItemMaster" (TcStandardType) in BusinessObject{::}BG4_TestItemMaster element. ( Template Name : "bg4template" )
Model Error: C:\apps\tcroot\bmide\workspace\13000.0.0\bg4template\extensions\lang\en_US\default_en_US.xml Line:7 Column:127 Undefined Business Object "BG4_TestItemRevMasterS" (TcStandardType) in BusinessObject{::}BG4_TestItemRevMasterS element. ( Template Name : "bg4template" )
Model Error: C:\apps\tcroot\bmide\workspace\13000.0.0\bg4template\extensions\lang\en_US\default_en_US.xml Line:8 Column:123 Undefined Business Object "BG4_TestItemRevisionMaster" (TcStandardType) in BusinessObject{::}BG4_TestItemRevisionMaster element. ( Template Name : "bg4template" )
Model Error: C:\apps\tcroot\bmide\workspace\13000.0.0\bg4template\extensions\lang\en_US\default_en_US.xml Line:9 Column:110 Undefined Business Object "BG4_TestItemRevision" (TcStandardType) in BusinessObject{::}BG4_TestItemRevision element. ( Template Name : "bg4template" )
Model Error: C:\apps\tcroot\bmide\workspace\13000.0.0\bg4template\extensions\lang\en_US\default_en_US.xml Line:10 Column:94 Undefined Business Object "BG4_TestItem" (TcStandardType) in BusinessObject{::}BG4_TestItem element. ( Template Name : "bg4template" )
--------------------------------------------------------------------------------
--------------------------------------------------------------------------------
Date: 13-Jul-2022_17-43-29
--------------------------------------------------------------------------------
Loading project: "bg4template"
File Loading Error: Cannot find file "foundation_template.xml" in "C:\Apps\Siemens\TR\bmide\templates" referenced by "C:\apps\tcroot\bmide\workspace\13000.0.0\bg4template\extensions\dependency.xml".
Model Error: C:\apps\tcroot\bmide\workspace\13000.0.0\bg4template\extensions\default.xml Line:5 Column:47 The Class "BG4_TestItem" cannot be loaded because the parent Class "Item" does not exist. Either the Class "Item" is not defined in the model or the Class "Item" failed to load. ( Template Name : "bg4template" )
Model Error: C:\apps\tcroot\bmide\workspace\13000.0.0\bg4template\extensions\default.xml Line:28 Column:73 The Class "BG4_TestItemMasterS" cannot be loaded because the parent Class "ItemMaster" does not exist. Either the Class "ItemMaster" is not defined in the model or the Class "ItemMaster" failed to load. ( Template Name : "bg4template" )
Model Error: C:\apps\tcroot\bmide\workspace\13000.0.0\bg4template\extensions\default.xml Line:30 Column:94 The Class "BG4_TestItemRevMasterS" cannot be loaded because the parent Class "ItemVersionMaster" does not exist. Either the Class "ItemVersionMaster" is not defined in the model or the Class "ItemVersionMaster" failed to load. ( Template Name : "bg4template" )
Model Error: C:\apps\tcroot\bmide\workspace\13000.0.0\bg4template\extensions\default.xml Line:32 Column:72 The Class "BG4_TestItemRevision" cannot be loaded because the parent Class "ItemRevision" does not exist. Either the Class "ItemRevision" is not defined in the model or the Class "ItemRevision" failed to load. ( Template Name : "bg4template" )
Model Error: C:\apps\tcroot\bmide\workspace\13000.0.0\bg4template\extensions\default.xml Line:10 Column:30 The Attribute (Class = "BG4_TestItem", Attribute = "bg4_Attr1") cannot be loaded because the Class "BG4_TestItem" does not exist. Either the Class "BG4_TestItem" is not defined in the model or the Class "BG4_TestItem" failed to load. ( Template Name : "bg4template" )
Model Error: C:\apps\tcroot\bmide\workspace\13000.0.0\bg4template\extensions\default.xml Line:15 Column:30 The Attribute (Class = "BG4_TestItem", Attribute = "bg4_attr2") cannot be loaded because the Class "BG4_TestItem" does not exist. Either the Class "BG4_TestItem" is not defined in the model or the Class "BG4_TestItem" failed to load. ( Template Name : "bg4template" )
Model Error: C:\apps\tcroot\bmide\workspace\13000.0.0\bg4template\extensions\default.xml Line:20 Column:30 The Attribute (Class = "BG4_TestItem", Attribute = "bg4_attr3") cannot be loaded because the Class "BG4_TestItem" does not exist. Either the Class "BG4_TestItem" is not defined in the model or the Class "BG4_TestItem" failed to load. ( Template Name : "bg4template" )
Model Error: C:\apps\tcroot\bmide\workspace\13000.0.0\bg4template\extensions\default.xml Line:25 Column:30 The Attribute (Class = "BG4_TestItem", Attribute = "bg4_Name") cannot be loaded because the Class "BG4_TestItem" does not exist. Either the Class "BG4_TestItem" is not defined in the model or the Class "BG4_TestItem" failed to load. ( Template Name : "bg4template" )
Model Error: C:\apps\tcroot\bmide\workspace\13000.0.0\bg4template\extensions\default.xml Line:37 Column:30 The Attribute (Class = "BG4_TestItemRevision", Attribute = "bg4_rev_attr1") cannot be loaded because the Class "BG4_TestItemRevision" does not exist. Either the Class "BG4_TestItemRevision" is not defined in the model or the Class "BG4_TestItemRevision" failed to load. ( Template Name : "bg4template" )
Model Error: C:\apps\tcroot\bmide\workspace\13000.0.0\bg4template\extensions\default.xml Line:42 Column:30 The Attribute (Class = "BG4_TestItemRevision", Attribute = "bg4_rev_attr2") cannot be loaded because the Class "BG4_TestItemRevision" does not exist. Either the Class "BG4_TestItemRevision" is not defined in the model or the Class "BG4_TestItemRevision" failed to load. ( Template Name : "bg4template" )
Model Error: C:\apps\tcroot\bmide\workspace\13000.0.0\bg4template\extensions\default.xml Line:47 Column:30 The Attribute (Class = "BG4_TestItemRevision", Attribute = "bg4_rev_attr3") cannot be loaded because the Class "BG4_TestItemRevision" does not exist. Either the Class "BG4_TestItemRevision" is not defined in the model or the Class "BG4_TestItemRevision" failed to load. ( Template Name : "bg4template" )
Model Error: C:\apps\tcroot\bmide\workspace\13000.0.0\bg4template\extensions\default.xml Line:52 Column:30 The Attribute (Class = "BG4_TestItemRevision", Attribute = "bg4_name") cannot be loaded because the Class "BG4_TestItemRevision" does not exist. Either the Class "BG4_TestItemRevision" is not defined in the model or the Class "BG4_TestItemRevision" failed to load. ( Template Name : "bg4template" )
Model Error: C:\apps\tcroot\bmide\workspace\13000.0.0\bg4template\extensions\default.xml Line:111 Column:100 Undefined Business Object "Item" (parentTypeName) in TcStandardType element. ( Template Name : "bg4template" )
Model Error: C:\apps\tcroot\bmide\workspace\13000.0.0\bg4template\extensions\default.xml Line:114 Column:92 Undefined Business Object "ItemMaster" (parentTypeName) in TcStandardType element. ( Template Name : "bg4template" )
Model Error: C:\apps\tcroot\bmide\workspace\13000.0.0\bg4template\extensions\default.xml Line:117 Column:95 Undefined Business Object "ItemVersionMaster" (parentTypeName) in TcStandardType element. ( Template Name : "bg4template" )
Model Error: C:\apps\tcroot\bmide\workspace\13000.0.0\bg4template\extensions\default.xml Line:120 Column:93 Undefined Business Object "ItemRevision" (parentTypeName) in TcStandardType element. ( Template Name : "bg4template" )
Model Error: C:\apps\tcroot\bmide\workspace\13000.0.0\bg4template\extensions\default.xml Line:105 Column:52 Undefined Business Object "Item Master" (parentTypeName) in TcForm element. ( Template Name : "bg4template" )
Model Error: C:\apps\tcroot\bmide\workspace\13000.0.0\bg4template\extensions\default.xml Line:109 Column:55 Undefined Business Object "ItemRevision Master" (parentTypeName) in TcForm element. ( Template Name : "bg4template" )
Model Error: C:\apps\tcroot\bmide\workspace\13000.0.0\bg4template\extensions\default.xml Line:125 Column:25 Undefined scope type name "Item" in TcPropertyConstant element. ( Template Name : "bg4template" )
Model Error: C:\apps\tcroot\bmide\workspace\13000.0.0\bg4template\extensions\default.xml Line:126 Column:78 Undefined constant name "Fnd0SelectedLocales". ( Template Name : "bg4template" )
Model Error: C:\apps\tcroot\bmide\workspace\13000.0.0\bg4template\extensions\default.xml Line:127 Column:103 Undefined constant name "CreateInput". ( Template Name : "bg4template" )
Model Error: C:\apps\tcroot\bmide\workspace\13000.0.0\bg4template\extensions\default.xml Line:129 Column:40 Undefined constant name "CreateInput". ( Template Name : "bg4template" )
Model Error: C:\apps\tcroot\bmide\workspace\13000.0.0\bg4template\extensions\default.xml Line:131 Column:41 Undefined constant name "CreateInput". ( Template Name : "bg4template" )
Model Error: C:\apps\tcroot\bmide\workspace\13000.0.0\bg4template\extensions\default.xml Line:133 Column:42 Undefined constant name "CreateInput". ( Template Name : "bg4template" )
Model Error: C:\apps\tcroot\bmide\workspace\13000.0.0\bg4template\extensions\default.xml Line:135 Column:48 Undefined constant name "CreateInput". ( Template Name : "bg4template" )
Model Error: C:\apps\tcroot\bmide\workspace\13000.0.0\bg4template\extensions\default.xml Line:137 Column:44 Undefined constant name "CreateInput". ( Template Name : "bg4template" )
Model Error: C:\apps\tcroot\bmide\workspace\13000.0.0\bg4template\extensions\default.xml Line:138 Column:108 Undefined constant name "ItemRevision". ( Template Name : "bg4template" )
Model Error: C:\apps\tcroot\bmide\workspace\13000.0.0\bg4template\extensions\default.xml Line:139 Column:104 Undefined constant name "MasterForm". ( Template Name : "bg4template" )
Model Error: C:\apps\tcroot\bmide\workspace\13000.0.0\bg4template\extensions\default.xml Line:141 Column:44 Undefined constant name "MasterForm". ( Template Name : "bg4template" )
Model Error: C:\apps\tcroot\bmide\workspace\13000.0.0\bg4template\extensions\default.xml Line:143 Column:42 Undefined constant name "ReviseInput". ( Template Name : "bg4template" )
Model Error: C:\apps\tcroot\bmide\workspace\13000.0.0\bg4template\extensions\default.xml Line:144 Column:103 Undefined constant name "SaveAsInput". ( Template Name : "bg4template" )
Model Error: C:\apps\tcroot\bmide\workspace\13000.0.0\bg4template\extensions\default.xml Line:146 Column:40 Undefined constant name "SaveAsInput". ( Template Name : "bg4template" )
Model Error: C:\apps\tcroot\bmide\workspace\13000.0.0\bg4template\extensions\default.xml Line:148 Column:41 Undefined constant name "SaveAsInput". ( Template Name : "bg4template" )
Model Error: C:\apps\tcroot\bmide\workspace\13000.0.0\bg4template\extensions\default.xml Line:150 Column:42 Undefined constant name "SaveAsInput". ( Template Name : "bg4template" )
Model Error: C:\apps\tcroot\bmide\workspace\13000.0.0\bg4template\extensions\default.xml Line:152 Column:48 Undefined constant name "SaveAsInput". ( Template Name : "bg4template" )
Model Error: C:\apps\tcroot\bmide\workspace\13000.0.0\bg4template\extensions\default.xml Line:154 Column:44 Undefined constant name "SaveAsInput". ( Template Name : "bg4template" )
Model Error: C:\apps\tcroot\bmide\workspace\13000.0.0\bg4template\extensions\default.xml Line:56 Column:60 The OperationInputType "BG4_TestItemCreI" cannot be loaded because the parent Type "ItemCreI" does not exist. ( Template Name : "bg4template" )
Model Error: C:\apps\tcroot\bmide\workspace\13000.0.0\bg4template\extensions\default.xml Line:59 Column:66 The OperationInputType "BG4_TestItemMasterCreI" cannot be loaded because the parent Type "Item MasterCreI" does not exist. ( Template Name : "bg4template" )
Model Error: C:\apps\tcroot\bmide\workspace\13000.0.0\bg4template\extensions\default.xml Line:62 Column:67 The OperationInputType "BG4_TestItemMasterSCreI" cannot be loaded because the parent Type "ItemMasterCreI" does not exist. ( Template Name : "bg4template" )
Model Error: C:\apps\tcroot\bmide\workspace\13000.0.0\bg4template\extensions\default.xml Line:65 Column:67 The OperationInputType "BG4_TestItemMasterSSvAI" cannot be loaded because the parent Type "ItemMasterSvAI" does not exist. ( Template Name : "bg4template" )
Model Error: C:\apps\tcroot\bmide\workspace\13000.0.0\bg4template\extensions\default.xml Line:68 Column:66 The OperationInputType "BG4_TestItemMasterSvAI" cannot be loaded because the parent Type "Item MasterSvAI" does not exist. ( Template Name : "bg4template" )
Model Error: C:\apps\tcroot\bmide\workspace\13000.0.0\bg4template\extensions\default.xml Line:71 Column:70 The OperationInputType "BG4_TestItemRevMasterSCreI" cannot be loaded because the parent Type "ItemVersionMasterCreI" does not exist. ( Template Name : "bg4template" )
Model Error: C:\apps\tcroot\bmide\workspace\13000.0.0\bg4template\extensions\default.xml Line:74 Column:70 The OperationInputType "BG4_TestItemRevMasterSSvAI" cannot be loaded because the parent Type "ItemVersionMasterSvAI" does not exist. ( Template Name : "bg4template" )
Model Error: C:\apps\tcroot\bmide\workspace\13000.0.0\bg4template\extensions\default.xml Line:86 Column:25 The OperationInputType "BG4_TestItemRevisionCreI" cannot be loaded because the parent Type "ItemRevisionCreI" does not exist. ( Template Name : "bg4template" )
Model Error: C:\apps\tcroot\bmide\workspace\13000.0.0\bg4template\extensions\default.xml Line:89 Column:74 The OperationInputType "BG4_TestItemRevisionMasterCreI" cannot be loaded because the parent Type "ItemRevision MasterCreI" does not exist. ( Template Name : "bg4template" )
Model Error: C:\apps\tcroot\bmide\workspace\13000.0.0\bg4template\extensions\default.xml Line:92 Column:74 The OperationInputType "BG4_TestItemRevisionMasterSvAI" cannot be loaded because the parent Type "ItemRevision MasterSvAI" does not exist. ( Template Name : "bg4template" )
Model Error: C:\apps\tcroot\bmide\workspace\13000.0.0\bg4template\extensions\default.xml Line:95 Column:68 The OperationInputType "BG4_TestItemRevisionRevI" cannot be loaded because the parent Type "ItemRevisionRevI" does not exist. ( Template Name : "bg4template" )
Model Error: C:\apps\tcroot\bmide\workspace\13000.0.0\bg4template\extensions\default.xml Line:98 Column:68 The OperationInputType "BG4_TestItemRevisionSvAI" cannot be loaded because the parent Type "ItemRevisionSvAI" does not exist. ( Template Name : "bg4template" )
Model Error: C:\apps\tcroot\bmide\workspace\13000.0.0\bg4template\extensions\default.xml Line:101 Column:60 The OperationInputType "BG4_TestItemSvAI" cannot be loaded because the parent Type "ItemSvAI" does not exist. ( Template Name : "bg4template" )
Model Error: C:\apps\tcroot\bmide\workspace\13000.0.0\bg4template\extensions\default.xml Line:156 Column:198 Undefined constant name "ComplexProperty". ( Template Name : "bg4template" )
Model Error: C:\apps\tcroot\bmide\workspace\13000.0.0\bg4template\extensions\default.xml Line:158 Column:22 Undefined constant name "Enabled". ( Template Name : "bg4template" )
Model Error: C:\apps\tcroot\bmide\workspace\13000.0.0\bg4template\extensions\default.xml Line:160 Column:22 Undefined constant name "Enabled". ( Template Name : "bg4template" )
Model Error: C:\apps\tcroot\bmide\workspace\13000.0.0\bg4template\extensions\default.xml Line:162 Column:22 Undefined constant name "Enabled". ( Template Name : "bg4template" )
Model Error: C:\apps\tcroot\bmide\workspace\13000.0.0\bg4template\extensions\default.xml Line:164 Column:22 Undefined constant name "Enabled". ( Template Name : "bg4template" )
Model Error: C:\apps\tcroot\bmide\workspace\13000.0.0\bg4template\extensions\default.xml Line:166 Column:46 Undefined constant name "Enabled". ( Template Name : "bg4template" )
Model Error: C:\apps\tcroot\bmide\workspace\13000.0.0\bg4template\extensions\default.xml Line:168 Column:51 Undefined constant name "Enabled". ( Template Name : "bg4template" )
Model Error: C:\apps\tcroot\bmide\workspace\13000.0.0\bg4template\extensions\default.xml Line:170 Column:51 Undefined constant name "Enabled". ( Template Name : "bg4template" )
Model Error: C:\apps\tcroot\bmide\workspace\13000.0.0\bg4template\extensions\default.xml Line:172 Column:51 Undefined constant name "Enabled". ( Template Name : "bg4template" )
Model Error: C:\apps\tcroot\bmide\workspace\13000.0.0\bg4template\extensions\default.xml Line:174 Column:23 Undefined constant name "Modifiable". ( Template Name : "bg4template" )
Model Error: C:\apps\tcroot\bmide\workspace\13000.0.0\bg4template\extensions\default.xml Line:176 Column:23 Undefined constant name "Modifiable". ( Template Name : "bg4template" )
Model Error: C:\apps\tcroot\bmide\workspace\13000.0.0\bg4template\extensions\default.xml Line:178 Column:23 Undefined constant name "Modifiable". ( Template Name : "bg4template" )
Model Error: C:\apps\tcroot\bmide\workspace\13000.0.0\bg4template\extensions\default.xml Line:180 Column:23 Undefined constant name "Modifiable". ( Template Name : "bg4template" )
Model Error: C:\apps\tcroot\bmide\workspace\13000.0.0\bg4template\extensions\default.xml Line:182 Column:47 Undefined constant name "Modifiable". ( Template Name : "bg4template" )
Model Error: C:\apps\tcroot\bmide\workspace\13000.0.0\bg4template\extensions\default.xml Line:184 Column:52 Undefined constant name "Modifiable". ( Template Name : "bg4template" )
Model Error: C:\apps\tcroot\bmide\workspace\13000.0.0\bg4template\extensions\default.xml Line:186 Column:52 Undefined constant name "Modifiable". ( Template Name : "bg4template" )
Model Error: C:\apps\tcroot\bmide\workspace\13000.0.0\bg4template\extensions\default.xml Line:188 Column:52 Undefined constant name "Modifiable". ( Template Name : "bg4template" )
Model Error: C:\apps\tcroot\bmide\workspace\13000.0.0\bg4template\extensions\lang\en_US\default_en_US.xml Line:11 Column:105 Undefined Business Object "BG4_TestItemRevision" (TcStandardType) in Property{::}BG4_TestItemRevision{::}bg4_name element. ( Template Name : "bg4template" )
Model Error: C:\apps\tcroot\bmide\workspace\13000.0.0\bg4template\extensions\lang\en_US\default_en_US.xml Line:12 Column:112 Undefined Business Object "BG4_TestItemRevision" (TcStandardType) in Property{::}BG4_TestItemRevision{::}bg4_rev_attr1 element. ( Template Name : "bg4template" )
Model Error: C:\apps\tcroot\bmide\workspace\13000.0.0\bg4template\extensions\lang\en_US\default_en_US.xml Line:13 Column:112 Undefined Business Object "BG4_TestItemRevision" (TcStandardType) in Property{::}BG4_TestItemRevision{::}bg4_rev_attr2 element. ( Template Name : "bg4template" )
Model Error: C:\apps\tcroot\bmide\workspace\13000.0.0\bg4template\extensions\lang\en_US\default_en_US.xml Line:14 Column:112 Undefined Business Object "BG4_TestItemRevision" (TcStandardType) in Property{::}BG4_TestItemRevision{::}bg4_rev_attr3 element. ( Template Name : "bg4template" )
Model Error: C:\apps\tcroot\bmide\workspace\13000.0.0\bg4template\extensions\lang\en_US\default_en_US.xml Line:15 Column:96 Undefined Business Object "BG4_TestItem" (TcStandardType) in Property{::}BG4_TestItem{::}bg4_Attr1 element. ( Template Name : "bg4template" )
Model Error: C:\apps\tcroot\bmide\workspace\13000.0.0\bg4template\extensions\lang\en_US\default_en_US.xml Line:16 Column:96 Undefined Business Object "BG4_TestItem" (TcStandardType) in Property{::}BG4_TestItem{::}bg4_Name element. ( Template Name : "bg4template" )
Model Error: C:\apps\tcroot\bmide\workspace\13000.0.0\bg4template\extensions\lang\en_US\default_en_US.xml Line:17 Column:96 Undefined Business Object "BG4_TestItem" (TcStandardType) in Property{::}BG4_TestItem{::}bg4_attr2 element. ( Template Name : "bg4template" )
Model Error: C:\apps\tcroot\bmide\workspace\13000.0.0\bg4template\extensions\lang\en_US\default_en_US.xml Line:18 Column:96 Undefined Business Object "BG4_TestItem" (TcStandardType) in Property{::}BG4_TestItem{::}bg4_attr3 element. ( Template Name : "bg4template" )
Model Error: C:\apps\tcroot\bmide\workspace\13000.0.0\bg4template\extensions\lang\en_US\default_en_US.xml Line:5 Column:115 Undefined Business Object "BG4_TestItemMasterS" (TcStandardType) in BusinessObject{::}BG4_TestItemMasterS element. ( Template Name : "bg4template" )
Model Error: C:\apps\tcroot\bmide\workspace\13000.0.0\bg4template\extensions\lang\en_US\default_en_US.xml Line:6 Column:106 Undefined Business Object "BG4_TestItemMaster" (TcStandardType) in BusinessObject{::}BG4_TestItemMaster element. ( Template Name : "bg4template" )
Model Error: C:\apps\tcroot\bmide\workspace\13000.0.0\bg4template\extensions\lang\en_US\default_en_US.xml Line:7 Column:127 Undefined Business Object "BG4_TestItemRevMasterS" (TcStandardType) in BusinessObject{::}BG4_TestItemRevMasterS element. ( Template Name : "bg4template" )
Model Error: C:\apps\tcroot\bmide\workspace\13000.0.0\bg4template\extensions\lang\en_US\default_en_US.xml Line:8 Column:123 Undefined Business Object "BG4_TestItemRevisionMaster" (TcStandardType) in BusinessObject{::}BG4_TestItemRevisionMaster element. ( Template Name : "bg4template" )
Model Error: C:\apps\tcroot\bmide\workspace\13000.0.0\bg4template\extensions\lang\en_US\default_en_US.xml Line:9 Column:110 Undefined Business Object "BG4_TestItemRevision" (TcStandardType) in BusinessObject{::}BG4_TestItemRevision element. ( Template Name : "bg4template" )
Model Error: C:\apps\tcroot\bmide\workspace\13000.0.0\bg4template\extensions\lang\en_US\default_en_US.xml Line:10 Column:94 Undefined Business Object "BG4_TestItem" (TcStandardType) in BusinessObject{::}BG4_TestItem element. ( Template Name : "bg4template" )
--------------------------------------------------------------------------------
--------------------------------------------------------------------------------
Date: 13-Jul-2022_17-48-29
--------------------------------------------------------------------------------
Loading project: "bg4template"
Model Error: C:\apps\tcroot\bmide\templates\foundation_template.xml Line:27011 Column:12 The text "Fnd0CompleteReworkRevDecisionSetLOV" cannot exceed "32" characters. ( Template Name : "foundation" )
--------------------------------------------------------------------------------
--------------------------------------------------------------------------------
Date: 13-Jul-2022_17-49-44
--------------------------------------------------------------------------------
Loading project: "bg4template"
Model Error: C:\apps\tcroot\bmide\templates\foundation_template.xml Line:27011 Column:12 The text "Fnd0CompleteReworkRevDecisionSetLOV" cannot exceed "32" characters. ( Template Name : "foundation" )
--------------------------------------------------------------------------------
