
------------------------------------------------------------------------------------------------------------------
LogFileName    : Deploy.log
TimeStamp      : 13-Jul-2022_11-36-11
Options        : Full Update
Deploy Source  : BMIDE
------------------------------------------------------------------------------------------------------------------


------------------------------------------------------------------------------------------------------------------
Deploy Summary
------------------------------------------------------------------------------------------------------------------

*****  BMIDE deployment lock utility results  *****

*****  BMIDE deployment lock utility is successful  *****
Deploy Step 1 of 9: Success
Deploy Step 2 of 9: Success
Deploy Step 3 of 9: Success
Deploy Step 4 of 9: Success
Deploy Step 5 of 9: Success
Deploy Step 6 of 9: Success
Deploy Step 7 of 9: Success
Deploy Step 8 of 9: Success
Deploy Step 9 of 9: Success
---------------------------------------------------------------------------------------------------------------------
Deploy Step 1 of 9:
---------------------------------------------------------------------------------------------------------------------
Description: Validating template for deployment 


Result: Success



---------------------------------------------------------------------------------------------------------------------
Deploy Step 2 of 9:
---------------------------------------------------------------------------------------------------------------------
Description: Adding entries to the master.xml file

Adding the following entries:
bg4template_template.xml

Result: Success


---------------------------------------------------------------------------------------------------------------------
Deploy Step 3 of 9:
---------------------------------------------------------------------------------------------------------------------
Description: Backup the existing model.xml file to model_backup.xml. 
Consolidate all templates into the <TC_DATA>/model/model.xml file.
Backing up model.xml to model_backup.xml.

The file model.xml is copied to: C:\Apps\Siemens\TD\model\model_backup.xml

Result: Success



---------------------------------------------------------------------------------------------------------------------
Deploy Step 4 of 9:
---------------------------------------------------------------------------------------------------------------------
Description: Creates a backup of model_lang.xml into model_lang_backup.xml.
The file model_lang.xml is copied to: C:\Apps\Siemens\TD\model\lang\model_backup_lang.xml

Result: Success



---------------------------------------------------------------------------------------------------------------------
Deploy Step 5 of 9:
---------------------------------------------------------------------------------------------------------------------
Description: Consolidate templates from master.xml to model.xml. 

The full path to the master file:C:\Apps\Siemens\TD\model
The full path to the file that should be generated: C:\Apps\Siemens\TD\model\model.xml

Result: Success



---------------------------------------------------------------------------------------------------------------------
Deploy Step 6 of 9:
---------------------------------------------------------------------------------------------------------------------
Description: Extract the list of allowable Live Update elements
from the database into the live_update_preference.xml file.
The Process Mode is not Ops Data

Result: Success



---------------------------------------------------------------------------------------------------------------------
Deploy Step 7 of 9:
---------------------------------------------------------------------------------------------------------------------
Description: Loads the new model (deployed from BMIDE) and the old model (previous) 
to compute the elements that were added, deleted, or changed in the BMIDE. 
Verifies that each of these elements are permitted to be updated by verifying against 
the Live Update Elements List from the database. Writes the added, deleted, changed elements to a delta.xml file.

Loading the Backup File...
Loading the Consolidated File...
Comparing the two Files...
Creating the Delta file...

Result: Success



---------------------------------------------------------------------------------------------------------------------
Deploy Step 8 of 9:
---------------------------------------------------------------------------------------------------------------------
Description: Compares model_lang.xml and model_lang_backup.xml and generates delta_lang.xml.
Comparing the two Localization Files...
Creating the Localization Delta file...

Result: Success



Uploading the project backup files to Database...
	 Processing File:bg4template_project_tc13000.2.0.zip
Result: Success



Uploading the project icon files to Database...
Result: Completed uploading the project icon files 



---------------------------------------------------------------------------------------------------------------------
Deploy Step 9 of 9:
---------------------------------------------------------------------------------------------------------------------
Description: Process the delta.xml file committing each data model element to the database.
Executing: business_model_updater.
Result: Success



====================================================================================================================================
Command output for the business_model_updater
====================================================================================================================================
 Log File Name   : C:\Users\pack\AppData\Local\Temppack2TierTV\BMIDE\2022_07_13_11-36-11\process\business_model_updater.log
 Model File Name : C:\Apps\Siemens\TD\model\delta.xml
 Update Option   : all
 Run Mode        : upgrade
 Process Option  : all
====================================================================================================================================


====================================================================================================================================
Processed Schema Changes:
====================================================================================================================================
Action | Element Type   | Element Name                   | Error # | Error                                           | Template Name
-------|----------------|--------------------------------|---------|-------------------------------------------------|--------------




====================================================================================================================================
Unprocessed Schema Changes:
====================================================================================================================================
Action | Element Type   | Element Name                   | Error # | Error                                           | Template Name
-------|----------------|--------------------------------|---------|-------------------------------------------------|--------------




====================================================================================================================================
Processed Non-Schema Changes:
====================================================================================================================================
Action | Element Type   | Element Name                   | Error # | Error                                           | Template Name
-------|----------------|--------------------------------|---------|-------------------------------------------------|--------------
Change | TcPropertyConst| ComplexProperty:BG4_TestItemRev|       0 | Success                                         |              
       | antAttach      | ision:object_name              |         |                                                 |              




====================================================================================================================================
Unprocessed Non-Schema Changes:
====================================================================================================================================
Action | Element Type   | Element Name                   | Error # | Error                                           | Template Name
-------|----------------|--------------------------------|---------|-------------------------------------------------|--------------




-------|----------------|--------------------------------|---------|-------------------------------------------------|--------------

*****  Please refer to the Multi-Fields Keys (MFK) updater log at the following location for status of processed MFK type constant attach element(s): C:\Users\pack\AppData\Local\Temp\mfk_updater_2022_07_13_11-36-51.log.
Memory=38703156, SQL=10975, Time 0.000000s cpu, 0.017000s real at-Statistics

