--------------------------------------------------------------------------------
Date: 01-Jul-2022_13-43-31
--------------------------------------------------------------------------------
Loading project: "bg7template"
Model Error: C:\Users\grzegore\GitProjects\next-demo\demoWorkspace\templates\foundation_template.xml Line:27011 Column:12 The text "Fnd0CompleteReworkRevDecisionSetLOV" cannot exceed "32" characters. ( Template Name : "foundation" )
There was an error reading locale supported encodings from text server xml file. As a result
localizations were not validated against any encodings. Please make sure that a valid textsrv_text.xml file is in C:\apps\Siemens\tcroot\lang\textserver\no_translation\ directory.
There was an error reading locale supported encodings from text server xml file. As a result
localizations were not validated against any encodings. Please make sure that a valid textsrv_text.xml file is in C:\apps\Siemens\tcroot\lang\textserver\no_translation\ directory.
--------------------------------------------------------------------------------
--------------------------------------------------------------------------------
Date: 01-Jul-2022_13-51-09
--------------------------------------------------------------------------------
Loading project: "bg7template"
Model Error: C:\Users\grzegore\GitProjects\next-demo\demoWorkspace\bg7template\extensions\default.xml Line:4 Column:78 Undefined constant name "Fnd0SelectedLocales". ( Template Name : "bg7template" )
--------------------------------------------------------------------------------
--------------------------------------------------------------------------------
Date: 01-Jul-2022_13-52-09
--------------------------------------------------------------------------------
Loading project: "bg7template"
Model Error: C:\Users\grzegore\GitProjects\next-demo\demoWorkspace\bg7template\extensions\default.xml Line:4 Column:78 Undefined constant name "Fnd0SelectedLocales". ( Template Name : "bg7template" )
--------------------------------------------------------------------------------
--------------------------------------------------------------------------------
Date: 01-Jul-2022_13-53-29
--------------------------------------------------------------------------------
Loading project: "bg7template"
Model Error: C:\Users\grzegore\GitProjects\next-demo\demoWorkspace\bg7template\extensions\default.xml Line:4 Column:78 Undefined constant name "Fnd0SelectedLocales". ( Template Name : "bg7template" )
--------------------------------------------------------------------------------
